PowerBASIC 10 for Windows
Copyright (c) 1996-2012 PowerBasic Inc.
Englewood, Florida USA
All Rights Reserved

Primary source:  C:\THINBA~1\Lib\TH4CE8~1\thinBasic_MSXML2.bas   {199982 total lines}
Target compilation:  thinBasic_MSXML2.dll
Compile time:  0.6 seconds, at 19998200 lines/minute

9184 bytes compiled code, 17068 bytes RTLibrary,
868 bytes string literals, and 3584 bytes dgroup.
DLL does not require stack allocation.
Disk image: 32768 bytes   Memory image: 21520 bytes.

Component Files:
----------------
C:\THINBA~1\Lib\TH4CE8~1\thinBasic_MSXML2.bas
C:\PB\PBWIN1000\WINAPI\WIN32API.INC
C:\PB\PBWIN1000\WINAPI\SDKDDKVER.INC
C:\PB\PBWIN1000\WINAPI\NTSTATUS.INC
C:\PB\PBWIN1000\WINAPI\WINDEF.INC
C:\PB\PBWIN1000\WINAPI\WINNT.INC
C:\PB\PBWIN1000\WINAPI\BASETSD.INC
C:\PB\PBWIN1000\WINAPI\WTYPES.INC
C:\PB\PBWIN1000\WINAPI\EXCPT.INC
C:\PB\PBWIN1000\WINAPI\KTMTYPES.INC
C:\PB\PBWIN1000\WINAPI\WINGDI.INC
C:\PB\PBWIN1000\WINAPI\WINUSER.INC
C:\PB\PBWIN1000\WINAPI\TVOUT.INC
C:\PB\PBWIN1000\WINAPI\WINRESRC.INC
C:\PB\PBWIN1000\WINAPI\DLGS.INC
C:\PB\PBWIN1000\WINAPI\WINVER.INC
C:\PB\PBWIN1000\WINAPI\VERRSRC.INC
C:\PB\PBWIN1000\WINAPI\WINBASE.INC
C:\PB\PBWIN1000\WINAPI\WINERROR.INC
C:\PB\PBWIN1000\WINAPI\WINREG.INC
C:\PB\PBWIN1000\WINAPI\REASON.INC
C:\PB\PBWIN1000\WINAPI\WINNLS.INC
C:\PB\PBWIN1000\WINAPI\COMMDLG.INC
C:\PB\PBWIN1000\WINAPI\PRSHT.INC
C:\PB\PBWIN1000\WINAPI\COMMCTRL.INC
C:\PB\PBWIN1000\WINAPI\SHLOBJ.INC
C:\PB\PBWIN1000\WINAPI\WINCON.INC
C:\PB\PBWIN1000\WINAPI\OLE2.INC
C:\PB\PBWIN1000\WINAPI\OBJBASE.INC
C:\PB\PBWIN1000\WINAPI\UNKNWN.INC
C:\PB\PBWIN1000\WINAPI\OBJIDL.INC
C:\PB\PBWIN1000\WINAPI\UNKNWN.INC
C:\PB\PBWIN1000\WINAPI\OLEAUTO.INC
C:\PB\PBWIN1000\WINAPI\OAIDL.INC
C:\PB\PBWIN1000\WINAPI\RPC.INC
C:\PB\PBWIN1000\WINAPI\OLEIDL.INC
C:\PB\PBWIN1000\WINAPI\SHLGUID.INC
C:\PB\PBWIN1000\WINAPI\ISGUIDS.INC
C:\PB\PBWIN1000\WINAPI\KNOWNFOLDERS.INC
C:\PB\PBWIN1000\WINAPI\SHTYPES.INC
C:\PB\PBWIN1000\WINAPI\WINNETWK.INC
C:\PB\PBWIN1000\WINAPI\WNNC.INC
C:\PB\PBWIN1000\WINAPI\SHELLAPI.INC
C:\PB\PBWIN1000\WINAPI\IPHLPAPI.INC
C:\PB\PBWIN1000\WINAPI\IPEXPORT.INC
C:\PB\PBWIN1000\WINAPI\IN6ADDR.INC
C:\PB\PBWIN1000\WINAPI\INADDR.INC
C:\PB\PBWIN1000\WINAPI\TCPESTATS.INC
C:\PB\PBWIN1000\WINAPI\WINDNS.INC
C:\PB\PBWIN1000\WINAPI\WS2DEF.INC
C:\PB\PBWIN1000\WINAPI\WS2IPDEF.INC
C:\PB\PBWIN1000\WINAPI\WINSOCK2.INC
C:\PB\PBWIN1000\WINAPI\QOS.INC
C:\PB\PBWIN1000\WINAPI\IPRTRMIB.INC
C:\PB\PBWIN1000\WINAPI\MPRAPI.INC
C:\PB\PBWIN1000\WINAPI\LMCONS.INC
C:\PB\PBWIN1000\WINAPI\WINCRED.INC
C:\PB\PBWIN1000\WINAPI\RAS.INC
C:\PB\PBWIN1000\WINAPI\WINCRYPT.INC
C:\PB\PBWIN1000\WINAPI\BCRYPT.INC
C:\PB\PBWIN1000\WINAPI\NCRYPT.INC
C:\PB\PBWIN1000\WINAPI\IPIFCONS.INC
C:\PB\PBWIN1000\WINAPI\IPMIB.INC
C:\PB\PBWIN1000\WINAPI\IFMIB.INC
C:\PB\PBWIN1000\WINAPI\IFDEF.INC
C:\PB\PBWIN1000\WINAPI\NLDEF.INC
C:\PB\PBWIN1000\WINAPI\TCPMIB.INC
C:\PB\PBWIN1000\WINAPI\UDPMIB.INC
C:\PB\PBWIN1000\WINAPI\IPTYPES.INC
C:\PB\PBWIN1000\WINAPI\TIME.INC
C:\PB\PBWIN1000\WINAPI\NETIOAPI.INC
C:\PB\PBWIN1000\WINAPI\NTDDNDIS.INC
C:\PB\PBWIN1000\WINAPI\DEVPKEY.INC
C:\PB\PBWIN1000\WINAPI\DEVPROPDEF.INC
C:\PB\PBWIN1000\WINAPI\PCIPROP.INC
C:\PB\PBWIN1000\WINAPI\WINDOT11.INC
C:\PB\PBWIN1000\WINAPI\WLANTYPES.INC
C:\PB\PBWIN1000\WINAPI\MCX.INC
C:\PB\PBWIN1000\WINAPI\MMSYSTEM.INC
C:\PB\PBWIN1000\WINAPI\URLMON.INC
C:\PB\PBWIN1000\WINAPI\WINDOWSX.INC
C:\THINBASIC\LIB\THINCORE.INC
C:\THINBASIC\LIB\THINBASIC_MSXML2\MSXML2.INC
C:\THINBASIC\LIB\THINBASIC_MSXML2\THINBASIC_MSXML2_MSXML2_SERVERXMLHTTP.INC
C:\THINBASIC\LIB\THINBASIC_MSXML2\THINBASIC_MSXML2_MSXML2_DOMDOCUMENT.INC


Code Extracted:
---------------
RTLMOVEMEMORY
RTLCOPYMEMORY
RTLFILLMEMORY
RTLZEROMEMORY
RTLSECUREZEROMEMORY
TPINITIALIZECALLBACKENVIRON
TPSETCALLBACKTHREADPOOL
POINTSTOPOINT
EXITWINDOWS
CREATEWINDOWA
CREATEWINDOWW
CREATEWINDOW
CREATEDIALOGA
CREATEDIALOGW
CREATEDIALOG
CREATEDIALOGINDIRECTA
CREATEDIALOGINDIRECTW
CREATEDIALOGINDIRECT
DIALOGBOXA
DIALOGBOXW
DIALOGBOX
DIALOGBOXINDIRECTA
DIALOGBOXINDIRECTW
DIALOGBOXINDIRECT
GETSYSMODALWINDOW
SETSYSMODALWINDOW
GETWINDOWTASK
MOVEMEMORY
COPYMEMORY
FILLMEMORY
ZEROMEMORY
SECUREZEROMEMORY
GLOBALDISCARD
LOCALDISCARD
GETFREESPACE
PROPSHEET_SETCURSEL
PROPSHEET_REMOVEPAGE
PROPSHEET_ADDPAGE
PROPSHEET_CHANGED
PROPSHEET_RESTARTWINDOWS
PROPSHEET_REBOOTSYSTEM
PROPSHEET_CANCELTOCLOSE
PROPSHEET_QUERYSIBLINGS
PROPSHEET_UNCHANGED
PROPSHEET_APPLY
PROPSHEET_SETTITLE
PROPSHEET_SETWIZBUTTONS
PROPSHEET_PRESSBUTTON
PROPSHEET_SETCURSELBYID
PROPSHEET_SETFINISHTEXT
PROPSHEET_GETTABCONTROL
PROPSHEET_ISDIALOGMESSAGE
PROPSHEET_GETCURRENTPAGEHWND
PROPSHEET_INSERTPAGE
PROPSHEET_SETHEADERTITLE
PROPSHEET_SETHEADERSUBTITLE
PROPSHEET_HWNDTOINDEX
PROPSHEET_INDEXTOHWND
PROPSHEET_PAGETOINDEX
PROPSHEET_INDEXTOPAGE
PROPSHEET_IDTOINDEX
PROPSHEET_INDEXTOID
PROPSHEET_GETRESULT
PROPSHEET_RECALCPAGESIZES
PROPSHEET_SETNEXTTEXT
PROPSHEET_SHOWWIZBUTTONS
PROPSHEET_ENABLEWIZBUTTONS
PROPSHEET_SETBUTTONTEXT
COMMDLG_OPENSAVE_GETSPECA
COMMDLG_OPENSAVE_GETSPECW
COMMDLG_OPENSAVE_GETSPEC
COMMDLG_OPENSAVE_GETFILEPATHA
COMMDLG_OPENSAVE_GETFILEPATHW
COMMDLG_OPENSAVE_GETFILEPATH
COMMDLG_OPENSAVE_GETFOLDERPATHA
COMMDLG_OPENSAVE_GETFOLDERPATHW
COMMDLG_OPENSAVE_GETFOLDERPATH
COMMDLG_OPENSAVE_SETCONTROLTEXT
COMMDLG_OPENSAVE_SETDEFEXT
IMAGELIST_ADDICON
IMAGELIST_REMOVEALL
IMAGELIST_EXTRACTICON
IMAGELIST_LOADBITMAPA
IMAGELIST_LOADBITMAPW
IMAGELIST_LOADBITMAP
HEADER_GETITEMCOUNT
HEADER_INSERTITEM
HEADER_DELETEITEM
HEADER_GETITEM
HEADER_SETITEM
HEADER_LAYOUT
HEADER_GETITEMRECT
HEADER_SETIMAGELIST
HEADER_SETSTATEIMAGELIST
HEADER_GETIMAGELIST
HEADER_GETSTATEIMAGELIST
HEADER_ORDERTOINDEX
HEADER_CREATEDRAGIMAGE
HEADER_GETORDERARRAY
HEADER_SETORDERARRAY
HEADER_SETHOTDIVIDER
HEADER_SETBITMAPMARGIN
HEADER_GETBITMAPMARGIN
HEADER_SETUNICODEFORMAT
HEADER_GETUNICODEFORMAT
HEADER_SETFILTERCHANGETIMEOUT
HEADER_EDITFILTER
HEADER_CLEARFILTER
HEADER_CLEARALLFILTERS
HEADER_GETITEMDROPDOWNRECT
HEADER_GETOVERFLOWRECT
HEADER_GETFOCUSEDITEM
HEADER_SETFOCUSEDITEM
LISTVIEW_SETUNICODEFORMAT
LISTVIEW_GETUNICODEFORMAT
LISTVIEW_GETBKCOLOR
LISTVIEW_SETBKCOLOR
LISTVIEW_GETIMAGELIST
LISTVIEW_SETIMAGELIST
LISTVIEW_GETITEMCOUNT
LISTVIEW_GETITEM
LISTVIEW_SETITEM
LISTVIEW_INSERTITEM
LISTVIEW_DELETEITEM
LISTVIEW_DELETEALLITEMS
LISTVIEW_GETCALLBACKMASK
LISTVIEW_SETCALLBACKMASK
LISTVIEW_GETNEXTITEM
LISTVIEW_FINDITEM
LISTVIEW_GETITEMRECT
LISTVIEW_SETITEMPOSITION
LISTVIEW_GETITEMPOSITION
LISTVIEW_GETSTRINGWIDTHA
LISTVIEW_GETSTRINGWIDTHW
LISTVIEW_GETSTRINGWIDTH
LISTVIEW_HITTEST
LISTVIEW_HITTESTEX
LISTVIEW_ENSUREVISIBLE
LISTVIEW_SCROLL
LISTVIEW_REDRAWITEMS
LISTVIEW_ARRANGE
LISTVIEW_EDITLABEL
LISTVIEW_GETCOLUMN
LISTVIEW_SETCOLUMN
LISTVIEW_INSERTCOLUMN
LISTVIEW_DELETECOLUMN
LISTVIEW_GETCOLUMNWIDTH
LISTVIEW_SETCOLUMNWIDTH
LISTVIEW_GETHEADER
LISTVIEW_CREATEDRAGIMAGE
LISTVIEW_GETVIEWRECT
LISTVIEW_GETTEXTCOLOR
LISTVIEW_SETTEXTCOLOR
LISTVIEW_GETTEXTBKCOLOR
LISTVIEW_SETTEXTBKCOLOR
LISTVIEW_GETTOPINDEX
LISTVIEW_GETCOUNTPERPAGE
LISTVIEW_GETORIGIN
LISTVIEW_UPDATE
LISTVIEW_SETITEMSTATE
LISTVIEW_SETCHECKSTATE
LISTVIEW_GETITEMSTATE
LISTVIEW_GETCHECKSTATE
LISTVIEW_GETITEMTEXT
LISTVIEW_SETITEMTEXT
LISTVIEW_SETITEMCOUNT
LISTVIEW_SETITEMCOUNTEX
LISTVIEW_SORTITEMS
LISTVIEW_SETITEMPOSITION32
LISTVIEW_GETSELECTEDCOUNT
LISTVIEW_GETITEMSPACING
LISTVIEW_GETISEARCHSTRING
LISTVIEW_SETEXTENDEDLISTVIEWSTYLE
LISTVIEW_SETEXTENDEDLISTVIEWSTYLEEX
LISTVIEW_GETEXTENDEDLISTVIEWSTYLE
LISTVIEW_GETSUBITEMRECT
LISTVIEW_SUBITEMHITTEST
LISTVIEW_SETCOLUMNORDERARRAY
LISTVIEW_GETCOLUMNORDERARRAY
LISTVIEW_SETHOTITEM
LISTVIEW_GETHOTITEM
LISTVIEW_SETHOTCURSOR
LISTVIEW_GETHOTCURSOR
LISTVIEW_APPROXIMATEVIEWRECT
LISTVIEW_SETWORKAREAS
LISTVIEW_GETWORKAREAS
LISTVIEW_GETNUMBEROFWORKAREAS
LISTVIEW_GETSELECTIONMARK
LISTVIEW_SETSELECTIONMARK
LISTVIEW_SETHOVERTIME
LISTVIEW_GETHOVERTIME
LISTVIEW_SETTOOLTIPS
LISTVIEW_GETTOOLTIPS
LISTVIEW_SORTITEMSEX
LISTVIEW_SETSELECTEDCOLUMN
LISTVIEW_SETTILEWIDTH
LISTVIEW_SETVIEW
LISTVIEW_GETVIEW
LISTVIEW_INSERTGROUP
LISTVIEW_SETGROUPINFO
LISTVIEW_GETGROUPINFO
LISTVIEW_REMOVEGROUP
LISTVIEW_MOVEGROUP
LISTVIEW_MOVEITEMTOGROUP
LISTVIEW_SETGROUPMETRICS
LISTVIEW_GETGROUPMETRICS
LISTVIEW_ENABLEGROUPVIEW
LISTVIEW_SORTGROUPS
LISTVIEW_INSERTGROUPSORTED
LISTVIEW_REMOVEALLGROUPS
LISTVIEW_HASGROUP
LISTVIEW_SETTILEVIEWINFO
LISTVIEW_GETTILEVIEWINFO
LISTVIEW_SETTILEINFO
LISTVIEW_GETTILEINFO
LISTVIEW_SETINSERTMARK
LISTVIEW_GETINSERTMARK
LISTVIEW_INSERTMARKHITTEST
LISTVIEW_GETINSERTMARKRECT
LISTVIEW_SETINSERTMARKCOLOR
LISTVIEW_GETINSERTMARKCOLOR
LISTVIEW_SETINFOTIP
LISTVIEW_GETSELECTEDCOLUMN
LISTVIEW_ISGROUPVIEWENABLED
LISTVIEW_GETOUTLINECOLOR
LISTVIEW_SETOUTLINECOLOR
LISTVIEW_CANCELEDITLABEL
LISTVIEW_MAPINDEXTOID
LISTVIEW_MAPIDTOINDEX
LISTVIEW_ISITEMVISIBLE
LISTVIEW_SETGROUPHEADERIMAGELIST
LISTVIEW_GETGROUPHEADERIMAGELIST
LISTVIEW_GETEMPTYTEXT
LISTVIEW_GETFOOTERRECT
LISTVIEW_GETFOOTERINFO
LISTVIEW_GETFOOTERITEMRECT
LISTVIEW_GETFOOTERITEM
LISTVIEW_GETITEMINDEXRECT
LISTVIEW_SETITEMINDEXSTATE
LISTVIEW_GETNEXTITEMINDEX
LISTVIEW_SETBKIMAGE
LISTVIEW_GETBKIMAGE
TREEVIEW_INSERTITEM
TREEVIEW_DELETEITEM
TREEVIEW_DELETEALLITEMS
TREEVIEW_EXPAND
TREEVIEW_GETITEMRECT
TREEVIEW_GETCOUNT
TREEVIEW_GETINDENT
TREEVIEW_SETINDENT
TREEVIEW_GETIMAGELIST
TREEVIEW_SETIMAGELIST
TREEVIEW_GETNEXTITEM
TREEVIEW_GETCHILD
TREEVIEW_GETNEXTSIBLING
TREEVIEW_GETPREVSIBLING
TREEVIEW_GETPARENT
TREEVIEW_GETFIRSTVISIBLE
TREEVIEW_GETNEXTVISIBLE
TREEVIEW_GETPREVVISIBLE
TREEVIEW_GETSELECTION
TREEVIEW_GETDROPHILIGHT
TREEVIEW_GETROOT
TREEVIEW_GETLASTVISIBLE
TREEVIEW_GETNEXTSELECTED
TREEVIEW_SELECT
TREEVIEW_SELECTITEM
TREEVIEW_SELECTDROPTARGET
TREEVIEW_SELECTSETFIRSTVISIBLE
TREEVIEW_GETITEM
TREEVIEW_SETITEM
TREEVIEW_EDITLABEL
TREEVIEW_GETEDITCONTROL
TREEVIEW_GETVISIBLECOUNT
TREEVIEW_HITTEST
TREEVIEW_CREATEDRAGIMAGE
TREEVIEW_SORTCHILDREN
TREEVIEW_ENSUREVISIBLE
TREEVIEW_SORTCHILDRENCB
TREEVIEW_ENDEDITLABELNOW
TREEVIEW_GETISEARCHSTRINGA
TREEVIEW_GETISEARCHSTRINGW
TREEVIEW_GETISEARCHSTRING
TREEVIEW_SETTOOLTIPS
TREEVIEW_GETTOOLTIPS
TREEVIEW_SETINSERTMARK
TREEVIEW_SETUNICODEFORMAT
TREEVIEW_GETUNICODEFORMAT
TREEVIEW_SETITEMHEIGHT
TREEVIEW_GETITEMHEIGHT
TREEVIEW_SETBKCOLOR
TREEVIEW_SETTEXTCOLOR
TREEVIEW_GETBKCOLOR
TREEVIEW_GETTEXTCOLOR
TREEVIEW_SETSCROLLTIME
TREEVIEW_GETSCROLLTIME
TREEVIEW_SETINSERTMARKCOLOR
TREEVIEW_GETINSERTMARKCOLOR
TREEVIEW_SETITEMSTATE
TREEVIEW_SETCHECKSTATE
TREEVIEW_GETITEMSTATE
TREEVIEW_GETCHECKSTATE
TREEVIEW_SETLINECOLOR
TREEVIEW_GETLINECOLOR
TREEVIEW_MAPACCIDTOHTREEITEM
TREEVIEW_MAPHTREEITEMTOACCID
TREEVIEW_SETEXTENDEDSTYLE
TREEVIEW_GETEXTENDEDSTYLE
TREEVIEW_SETAUTOSCROLLINFO
TREEVIEW_GETSELECTEDCOUNT
TREEVIEW_SHOWINFOTIP
TREEVIEW_GETITEMPARTRECT
TABCTRL_SETIMAGELIST
TABCTRL_GETITEMCOUNT
TABCTRL_GETITEM
TABCTRL_SETITEM
TABCTRL_INSERTITEM
TABCTRL_DELETEITEM
TABCTRL_DELETEALLITEMS
TABCTRL_GETITEMRECT
TABCTRL_GETCURSEL
TABCTRL_SETCURSEL
TABCTRL_HITTEST
TABCTRL_SETITEMEXTRA
TABCTRL_ADJUSTRECT
TABCTRL_SETITEMSIZE
TABCTRL_REMOVEIMAGE
TABCTRL_SETPADDING
TABCTRL_GETROWCOUNT
TABCTRL_GETTOOLTIPS
TABCTRL_SETTOOLTIPS
TABCTRL_GETCURFOCUS
TABCTRL_SETCURFOCUS
TABCTRL_SETMINTABWIDTH
TABCTRL_DESELECTALL
TABCTRL_HIGHLIGHTITEM
TABCTRL_SETEXTENDEDSTYLE
TABCTRL_GETEXTENDEDSTYLE
TABCTRL_SETUNICODEFORMAT
TABCTRL_GETUNICODEFORMAT
ANIMATE_CREATE
ANIMATE_OPEN
ANIMATE_OPENEX
ANIMATE_PLAY
ANIMATE_STOP
ANIMATE_ISPLAYING
ANIMATE_CLOSE
ANIMATE_SEEK
MONTHCAL_GETCURSEL
MONTHCAL_SETCURSEL
MONTHCAL_GETMAXSELCOUNT
MONTHCAL_SETMAXSELCOUNT
MONTHCAL_GETSELRANGE
MONTHCAL_SETSELRANGE
MONTHCAL_GETMONTHRANGE
MONTHCAL_SETDAYSTATE
MONTHCAL_GETMINREQRECT
MONTHCAL_SETCOLOR
MONTHCAL_GETCOLOR
MONTHCAL_SETTODAY
MONTHCAL_GETTODAY
MONTHCAL_HITTEST
MONTHCAL_SETFIRSTDAYOFWEEK
MONTHCAL_GETFIRSTDAYOFWEEK
MONTHCAL_GETRANGE
MONTHCAL_SETRANGE
MONTHCAL_GETMONTHDELTA
MONTHCAL_SETMONTHDELTA
MONTHCAL_GETMAXTODAYWIDTH
MONTHCAL_SETUNICODEFORMAT
MONTHCAL_GETUNICODEFORMAT
MONTHCAL_GETCURRENTVIEW
MONTHCAL_GETCALENDARCOUNT
MONTHCAL_GETCALENDARGRIDINFO
MONTHCAL_GETCALID
MONTHCAL_SETCALID
MONTHCAL_SIZERECTTOMIN
MONTHCAL_SETCALENDARBORDER
MONTHCAL_GETCALENDARBORDER
MONTHCAL_SETCURRENTVIEW
DATETIME_GETSYSTEMTIME
DATETIME_SETSYSTEMTIME
DATETIME_GETRANGE
DATETIME_SETRANGE
DATETIME_SETFORMAT
DATETIME_SETMONTHCALCOLOR
DATETIME_GETMONTHCALCOLOR
DATETIME_SETMONTHCALFONT
DATETIME_GETMONTHCALFONT
DATETIME_SETMONTHCALSTYLE
DATETIME_GETMONTHCALSTYLE
DATETIME_CLOSEMONTHCAL
DATETIME_GETDATETIMEPICKERINFO
DATETIME_GETIDEALSIZE
PAGER_SETCHILD
PAGER_RECALCSIZE
PAGER_FORWARDMOUSE
PAGER_SETBKCOLOR
PAGER_GETBKCOLOR
PAGER_SETBORDER
PAGER_GETBORDER
PAGER_SETPOS
PAGER_GETPOS
PAGER_SETBUTTONSIZE
PAGER_GETBUTTONSIZE
PAGER_GETBUTTONSTATE
PAGER_GETDROPTARGET
BUTTON_GETIDEALSIZE
BUTTON_SETIMAGELIST
BUTTON_GETIMAGELIST
BUTTON_SETTEXTMARGIN
BUTTON_GETTEXTMARGIN
BUTTON_SETDROPDOWNSTATE
BUTTON_SETSPLITINFO
BUTTON_GETSPLITINFO
BUTTON_SETNOTE
BUTTON_GETNOTE
BUTTON_GETNOTELENGTH
BUTTON_SETELEVATIONREQUIREDSTATE
EDIT_SETCUEBANNERTEXT
EDIT_SETCUEBANNERTEXTFOCUSED
EDIT_GETCUEBANNERTEXT
EDIT_SHOWBALLOONTIP
EDIT_HIDEBALLOONTIP
EDIT_SETHILITE
EDIT_GETHILITE
COMBOBOX_SETMINVISIBLE
COMBOBOX_GETMINVISIBLE
COMBOBOX_SETCUEBANNERTEXT
COMBOBOX_GETCUEBANNERTEXT
DPA_SETPTRCOUNT
DPA_FASTDELETELASTPTR
FD_CLR
FD_SET_SUB
FD_ZERO
CREDUIP_IS_USER_PASSWORD_ERROR
CREDUIP_IS_DOWNGRADE_ERROR
CREDUIP_IS_EXPIRED_ERROR
CREDUI_IS_AUTHENTICATION_ERROR
CREDUI_NO_PROMPT_AUTHENTICATION_ERROR
IS_CHAIN_HASH_PROP_ID
EDIT_LINESCROLL
LISTBOX_ADDSTRING
LISTBOX_INSERTSTRING
LISTBOX_GETTEXT
LISTBOX_FINDSTRING
LISTBOX_FINDSTRINGEXACT
LISTBOX_DIR
COMBO_ADDSTRING
COMBOBOX_INSERTSTRING
COMBO_GETLBTEXT
COMBO_FINDSTRING
COMBO_SELECTSTRING
COMBOBOX_DIR
COMBOBOX_FINDSTRINGEXACT
<CLASS> CLASS_XMLDOMDOCUMENTEVENTS
